[35m[Appium][39m Welcome to Appium v1.22.3
[35m[Appium][39m Non-default server args:
[35m[Appium][39m   port: 58469
[35m[Appium][39m   loglevel: info
[35m[Appium][39m   tmpDir: /var/folders/c9/xmzq5jjs51n878vrs7gvhsch0000gn/T//Katalon/Appium/Temp1702701428623
[35m[Appium][39m   chromedriverPort: 58470
[35m[Appium][39m Deprecated server args:
[35m[Appium][39m   [31m--chromedriver-port[39m => --default-capabilities
[35m[Appium][39m Default capabilities, which will be added to each request unless overridden by desired capabilities:
[35m[Appium][39m   chromedriverPort: 58470
[35m[Appium][39m Appium REST http interface listener started on 0.0.0.0:58469
[35m[HTTP][39m [37m-->[39m [37mGET[39m [37m/wd/hub/status[39m
[35m[HTTP][39m [90m{}[39m
[35m[HTTP][39m [37m<-- GET /wd/hub/status [39m[32m200[39m [90m9 ms - 68[39m
[35m[HTTP][39m [90m[39m
[35m[HTTP][39m [37m-->[39m [37mGET[39m [37m/wd/hub/status[39m
[35m[HTTP][39m [90m{}[39m
[35m[HTTP][39m [37m<-- GET /wd/hub/status [39m[32m200[39m [90m2 ms - 68[39m
[35m[HTTP][39m [90m[39m
[35m[HTTP][39m [37m-->[39m [37mPOST[39m [37m/wd/hub/session[39m
[35m[HTTP][39m [90m{"desiredCapabilities":{"app":"/Volumes/RYNETTA/mac_backup_0623/Katalon Studio/Final-Task/App/Happy-Day-Shopping.apk","noReset":true,"deviceName":"ADVAN 8003 (Android 10)","fullReset":false,"platform":"ANDROID","newCommandTimeout":1800,"platformVersion":"10","automationName":"uiautomator2","autoGrantPermissions":true,"platformName":"Android","udid":"A80039832ETH022492","systemPort":58486},"capabilities":{"firstMatch":[{"appium:app":"/Volumes/RYNETTA/mac_backup_0623/Katalon Studio/Final-Task/App/Happy-Day-Shopping.apk","appium:autoGrantPermissions":true,"appium:automationName":"uiautomator2","appium:deviceName":"ADVAN 8003 (Android 10)","appium:fullReset":false,"appium:newCommandTimeout":1800,"appium:noReset":true,"platform":"ANDROID","platformName":"android","appium:platformVersion":"10","appium:systemPort":58486,"appium:udid":"A80039832ETH022492"}]}}[39m
[35m[BaseDriver][39m The following capabilities are not standard capabilities and should have an extension prefix:
[35m[BaseDriver][39m   platform
[35m[BaseDriver][39m   chromedriverPort
[35m[Appium][39m Appium v1.22.3 creating new AndroidUiautomator2Driver (v1.70.1) session
[35m[BaseDriver][39m The following capabilities were provided, but are not recognized by Appium:
[35m[BaseDriver][39m   platform
[35m[BaseDriver][39m Session created with session id: cefcb31e-429a-4a04-9ab9-2c39b81a514a
[35m[BaseDriver][39m Using local app '/Volumes/RYNETTA/mac_backup_0623/Katalon Studio/Final-Task/App/Happy-Day-Shopping.apk'
[35m[ADB][39m Found 1 'build-tools' folders under '/Users/queenels/.katalon/tools/android_sdk' (newest first):
[35m[ADB][39m     /Users/queenels/.katalon/tools/android_sdk/build-tools/29.0.3
[35m[ADB][39m Using 'adb' from '/Users/queenels/.katalon/tools/android_sdk/platform-tools/adb'
[35m[AndroidDriver][39m Retrieving device list
[35m[AndroidDriver][39m Using device: A80039832ETH022492
[35m[ADB][39m Using 'adb' from '/Users/queenels/.katalon/tools/android_sdk/platform-tools/adb'
[35m[ADB][39m Getting device platform version
[35m[UiAutomator2][39m Relaxing hidden api policy
[35m[ADB][39m Package name: 'com.ecwid.ShopAt.HappyDayShopping'
[35m[ADB][39m Main activity name: 'com.pb.MainActivity'
[35m[ADB][39m The application at '/Users/queenels/.npm-global/bin/appium/node_modules/io.appium.settings/apks/settings_apk-debug.apk' will not be cached, because the device under test has confirmed the support of streamed installs
[35m[ADB][39m The installation of 'settings_apk-debug.apk' took 1037ms
[35m[ADB][39m Using 'apksigner.jar' from '/Users/queenels/.katalon/tools/android_sdk/build-tools/29.0.3/lib/apksigner.jar'
[35m[ADB][39m '/Users/queenels/.npm-global/bin/appium/node_modules/appium-uiautomator2-server/apks/appium-uiautomator2-server-v4.27.0.apk' is signed with the default certificate
[35m[ADB][39m '/Users/queenels/.npm-global/bin/appium/node_modules/appium-uiautomator2-server/apks/appium-uiautomator2-server-debug-androidTest.apk' is signed with the default certificate
[35m[UiAutomator2][39m Server packages are not going to be (re)installed
[35m[ADB][39m Adding packages ["io.appium.settings","io.appium.uiautomator2.server","io.appium.uiautomator2.server.test"] to Doze whitelist
[35m[ADB][39m '/Volumes/RYNETTA/mac_backup_0623/Katalon Studio/Final-Task/App/Happy-Day-Shopping.apk' is signed with a non-default certificate
[35m[ADB][39m The application at '/Volumes/RYNETTA/mac_backup_0623/Katalon Studio/Final-Task/App/Happy-Day-Shopping.apk' will not be cached, because the device under test has confirmed the support of streamed installs
[35m[ADB][39m The installation of 'Happy-Day-Shopping.apk' took 10727ms
[35m[UiAutomator2][39m Starting UIAutomator2 server 4.27.0
[35m[UiAutomator2][39m Using UIAutomator2 server from '/Users/queenels/.npm-global/bin/appium/node_modules/appium-uiautomator2-server/apks/appium-uiautomator2-server-v4.27.0.apk' and test from '/Users/queenels/.npm-global/bin/appium/node_modules/appium-uiautomator2-server/apks/appium-uiautomator2-server-debug-androidTest.apk'
[35m[UiAutomator2][39m Waiting up to 30000ms for UiAutomator2 to be online...
[35m[WD Proxy][39m socket hang up
[35m[WD Proxy][39m socket hang up
[35m[WD Proxy][39m socket hang up
[35m[WD Proxy][39m socket hang up
[35m[WD Proxy][39m socket hang up
[35m[WD Proxy][39m socket hang up
[35m[WD Proxy][39m Determined the downstream protocol as 'W3C'
[35m[AndroidDriver][39m Screen already unlocked, doing nothing
[35m[UiAutomator2][39m Starting 'com.ecwid.ShopAt.HappyDayShopping/com.pb.MainActivity and waiting for 'com.ecwid.ShopAt.HappyDayShopping/com.pb.MainActivity'
[35m[Appium][39m New AndroidUiautomator2Driver session created successfully, session cefcb31e-429a-4a04-9ab9-2c39b81a514a added to master session list
[35m[HTTP][39m [37m<-- POST /wd/hub/session [39m[32m200[39m [90m31275 ms - 1357[39m
[35m[HTTP][39m [90m[39m
[35m[HTTP][39m [37m-->[39m [37mGET[39m [37m/wd/hub/session/cefcb31e-429a-4a04-9ab9-2c39b81a514a[39m
[35m[HTTP][39m [90m{}[39m
[35m[HTTP][39m [37m<-- GET /wd/hub/session/cefcb31e-429a-4a04-9ab9-2c39b81a514a [39m[32m200[39m [90m41 ms - 1311[39m
[35m[HTTP][39m [90m[39m
[35m[HTTP][39m [37m-->[39m [37mGET[39m [37m/wd/hub/session/cefcb31e-429a-4a04-9ab9-2c39b81a514a[39m
[35m[HTTP][39m [90m{}[39m
[35m[HTTP][39m [37m<-- GET /wd/hub/session/cefcb31e-429a-4a04-9ab9-2c39b81a514a [39m[32m200[39m [90m36 ms - 1311[39m
[35m[HTTP][39m [90m[39m
[35m[HTTP][39m [37m-->[39m [37mGET[39m [37m/wd/hub/status[39m
[35m[HTTP][39m [90m{}[39m
[35m[HTTP][39m [37m<-- GET /wd/hub/status [39m[32m200[39m [90m2 ms - 68[39m
[35m[HTTP][39m [90m[39m
[35m[HTTP][39m [37m-->[39m [37mPOST[39m [37m/wd/hub/session/cefcb31e-429a-4a04-9ab9-2c39b81a514a/timeouts[39m
[35m[HTTP][39m [90m{"implicit":60000}[39m
[35m[HTTP][39m [37m<-- POST /wd/hub/session/cefcb31e-429a-4a04-9ab9-2c39b81a514a/timeouts [39m[32m200[39m [90m5 ms - 14[39m
[35m[HTTP][39m [90m[39m
[35m[HTTP][39m [37m-->[39m [37mGET[39m [37m/wd/hub/session/cefcb31e-429a-4a04-9ab9-2c39b81a514a/source[39m
[35m[HTTP][39m [90m{}[39m
[35m[W3C (cefcb31e)][39m Driver proxy active, passing request on via HTTP proxy
[35m[WD Proxy][39m Replacing sessionId de034f9c-b4d9-44c4-9df6-21b879ef5272 with cefcb31e-429a-4a04-9ab9-2c39b81a514a
[35m[HTTP][39m [37m<-- GET /wd/hub/session/cefcb31e-429a-4a04-9ab9-2c39b81a514a/source [39m[32m200[39m [90m126 ms - 1916[39m
[35m[HTTP][39m [90m[39m
[35m[HTTP][39m [37m-->[39m [37mGET[39m [37m/wd/hub/session/cefcb31e-429a-4a04-9ab9-2c39b81a514a/screenshot[39m
[35m[HTTP][39m [90m{}[39m
[35m[HTTP][39m [37m<-- GET /wd/hub/session/cefcb31e-429a-4a04-9ab9-2c39b81a514a/screenshot [39m[32m200[39m [90m848 ms - 107074[39m
[35m[HTTP][39m [90m[39m
[35m[HTTP][39m [37m-->[39m [37mGET[39m [37m/wd/hub/session/cefcb31e-429a-4a04-9ab9-2c39b81a514a/source[39m
[35m[HTTP][39m [90m{}[39m
[35m[W3C (cefcb31e)][39m Driver proxy active, passing request on via HTTP proxy
[35m[WD Proxy][39m Replacing sessionId de034f9c-b4d9-44c4-9df6-21b879ef5272 with cefcb31e-429a-4a04-9ab9-2c39b81a514a
[35m[HTTP][39m [37m<-- GET /wd/hub/session/cefcb31e-429a-4a04-9ab9-2c39b81a514a/source [39m[32m200[39m [90m1825 ms - 65453[39m
[35m[HTTP][39m [90m[39m
[35m[HTTP][39m [37m-->[39m [37mGET[39m [37m/wd/hub/session/cefcb31e-429a-4a04-9ab9-2c39b81a514a/screenshot[39m
[35m[HTTP][39m [90m{}[39m
[35m[HTTP][39m [37m<-- GET /wd/hub/session/cefcb31e-429a-4a04-9ab9-2c39b81a514a/screenshot [39m[32m200[39m [90m932 ms - 220836[39m
[35m[HTTP][39m [90m[39m
[35m[HTTP][39m [37m-->[39m [37mGET[39m [37m/wd/hub/session/cefcb31e-429a-4a04-9ab9-2c39b81a514a/source[39m
[35m[HTTP][39m [90m{}[39m
[35m[W3C (cefcb31e)][39m Driver proxy active, passing request on via HTTP proxy
[35m[WD Proxy][39m Replacing sessionId de034f9c-b4d9-44c4-9df6-21b879ef5272 with cefcb31e-429a-4a04-9ab9-2c39b81a514a
[35m[HTTP][39m [37m<-- GET /wd/hub/session/cefcb31e-429a-4a04-9ab9-2c39b81a514a/source [39m[32m200[39m [90m1149 ms - 55308[39m
[35m[HTTP][39m [90m[39m
[35m[HTTP][39m [37m-->[39m [37mGET[39m [37m/wd/hub/session/cefcb31e-429a-4a04-9ab9-2c39b81a514a/screenshot[39m
[35m[HTTP][39m [90m{}[39m
[35m[HTTP][39m [37m<-- GET /wd/hub/session/cefcb31e-429a-4a04-9ab9-2c39b81a514a/screenshot [39m[32m200[39m [90m887 ms - 186244[39m
[35m[HTTP][39m [90m[39m
[35m[HTTP][39m [37m-->[39m [37mPOST[39m [37m/wd/hub/session/cefcb31e-429a-4a04-9ab9-2c39b81a514a/elements[39m
[35m[HTTP][39m [90m{"using":"xpath","value":"//*[@class = 'android.view.View' and (@text = '' or . = '')]"}[39m
[35m[HTTP][39m [37m<-- POST /wd/hub/session/cefcb31e-429a-4a04-9ab9-2c39b81a514a/elements [39m[32m200[39m [90m2069 ms - 6411[39m
[35m[HTTP][39m [90m[39m
[35m[HTTP][39m [37m-->[39m [37mPOST[39m [37m/wd/hub/session/cefcb31e-429a-4a04-9ab9-2c39b81a514a/elements[39m
[35m[HTTP][39m [90m{"using":"-android uiautomator","value":"new UiSelector().className(\"android.view.View\")"}[39m
[35m[HTTP][39m [37m<-- POST /wd/hub/session/cefcb31e-429a-4a04-9ab9-2c39b81a514a/elements [39m[32m200[39m [90m1874 ms - 6667[39m
[35m[HTTP][39m [90m[39m
[35m[HTTP][39m [37m-->[39m [37mPOST[39m [37m/wd/hub/session/cefcb31e-429a-4a04-9ab9-2c39b81a514a/elements[39m
[35m[HTTP][39m [90m{"using":"xpath","value":"//*[@class = 'android.widget.EditText' and (@text = '' or . = '')]"}[39m
[35m[HTTP][39m [37m<-- POST /wd/hub/session/cefcb31e-429a-4a04-9ab9-2c39b81a514a/elements [39m[32m200[39m [90m798 ms - 1035[39m
[35m[HTTP][39m [90m[39m
[35m[HTTP][39m [37m-->[39m [37mPOST[39m [37m/wd/hub/session/cefcb31e-429a-4a04-9ab9-2c39b81a514a/elements[39m
[35m[HTTP][39m [90m{"using":"-android uiautomator","value":"new UiSelector().className(\"android.widget.EditText\")"}[39m
[35m[HTTP][39m [37m<-- POST /wd/hub/session/cefcb31e-429a-4a04-9ab9-2c39b81a514a/elements [39m[32m200[39m [90m393 ms - 1035[39m
[35m[HTTP][39m [90m[39m
[35m[HTTP][39m [37m-->[39m [37mPOST[39m [37m/wd/hub/session/cefcb31e-429a-4a04-9ab9-2c39b81a514a/elements[39m
[35m[HTTP][39m [90m{"using":"xpath","value":"//*[@class = 'android.view.View' and (@text = 'Please choose' or . = 'Please choose')]"}[39m
[35m[HTTP][39m [37m<-- POST /wd/hub/session/cefcb31e-429a-4a04-9ab9-2c39b81a514a/elements [39m[32m200[39m [90m676 ms - 139[39m
[35m[HTTP][39m [90m[39m
[35m[HTTP][39m [37m-->[39m [37mPOST[39m [37m/wd/hub/session/cefcb31e-429a-4a04-9ab9-2c39b81a514a/elements[39m
[35m[HTTP][39m [90m{"using":"xpath","value":"//*[@class = 'android.view.View' and (@text = '' or . = '')]"}[39m
[35m[HTTP][39m [37m<-- POST /wd/hub/session/cefcb31e-429a-4a04-9ab9-2c39b81a514a/elements [39m[32m200[39m [90m706 ms - 6411[39m
[35m[HTTP][39m [90m[39m
[35m[HTTP][39m [37m-->[39m [37mPOST[39m [37m/wd/hub/session/cefcb31e-429a-4a04-9ab9-2c39b81a514a/elements[39m
[35m[HTTP][39m [90m{"using":"-android uiautomator","value":"new UiSelector().className(\"android.view.View\")"}[39m
[35m[HTTP][39m [37m<-- POST /wd/hub/session/cefcb31e-429a-4a04-9ab9-2c39b81a514a/elements [39m[32m200[39m [90m1249 ms - 6667[39m
[35m[HTTP][39m [90m[39m
[35m[HTTP][39m [37m-->[39m [37mPOST[39m [37m/wd/hub/session/cefcb31e-429a-4a04-9ab9-2c39b81a514a/elements[39m
[35m[HTTP][39m [90m{"using":"xpath","value":"//*[@class = 'android.widget.TextView' and (@text = 'Please choose' or . = 'Please choose')]"}[39m
[35m[HTTP][39m [37m<-- POST /wd/hub/session/cefcb31e-429a-4a04-9ab9-2c39b81a514a/elements [39m[32m200[39m [90m539 ms - 139[39m
[35m[HTTP][39m [90m[39m
[35m[HTTP][39m [37m-->[39m [37mPOST[39m [37m/wd/hub/session/cefcb31e-429a-4a04-9ab9-2c39b81a514a/elements[39m
[35m[HTTP][39m [90m{"using":"xpath","value":"//*[@class = 'android.view.View' and (@text = '' or . = '')]"}[39m
[35m[HTTP][39m [37m<-- POST /wd/hub/session/cefcb31e-429a-4a04-9ab9-2c39b81a514a/elements [39m[32m200[39m [90m574 ms - 6411[39m
[35m[HTTP][39m [90m[39m
[35m[HTTP][39m [37m-->[39m [37mPOST[39m [37m/wd/hub/session/cefcb31e-429a-4a04-9ab9-2c39b81a514a/elements[39m
[35m[HTTP][39m [90m{"using":"-android uiautomator","value":"new UiSelector().className(\"android.view.View\")"}[39m
[35m[HTTP][39m [37m<-- POST /wd/hub/session/cefcb31e-429a-4a04-9ab9-2c39b81a514a/elements [39m[32m200[39m [90m1347 ms - 6667[39m
[35m[HTTP][39m [90m[39m
[35m[HTTP][39m [37m-->[39m [37mPOST[39m [37m/wd/hub/session/cefcb31e-429a-4a04-9ab9-2c39b81a514a/elements[39m
[35m[HTTP][39m [90m{"using":"xpath","value":"//*[@class = 'android.widget.Image' and (@text = '' or . = '')]"}[39m
[35m[HTTP][39m [37m<-- POST /wd/hub/session/cefcb31e-429a-4a04-9ab9-2c39b81a514a/elements [39m[32m200[39m [90m439 ms - 395[39m
[35m[HTTP][39m [90m[39m
[35m[HTTP][39m [37m-->[39m [37mPOST[39m [37m/wd/hub/session/cefcb31e-429a-4a04-9ab9-2c39b81a514a/elements[39m
[35m[HTTP][39m [90m{"using":"-android uiautomator","value":"new UiSelector().className(\"android.widget.Image\")"}[39m
[35m[HTTP][39m [37m<-- POST /wd/hub/session/cefcb31e-429a-4a04-9ab9-2c39b81a514a/elements [39m[32m200[39m [90m291 ms - 395[39m
[35m[HTTP][39m [90m[39m
[35m[HTTP][39m [37m-->[39m [37mDELETE[39m [37m/wd/hub/session/cefcb31e-429a-4a04-9ab9-2c39b81a514a[39m
[35m[HTTP][39m [90m{}[39m
[35m[Appium][39m Removing session cefcb31e-429a-4a04-9ab9-2c39b81a514a from our master session list
[35m[UiAutomator2][39m Restoring hidden api policy to the device default configuration
[35m[HTTP][39m [37m<-- DELETE /wd/hub/session/cefcb31e-429a-4a04-9ab9-2c39b81a514a [39m[32m200[39m [90m620 ms - 14[39m
[35m[HTTP][39m [90m[39m
