[35m[Appium][39m Welcome to Appium v1.22.3
[35m[Appium][39m Non-default server args:
[35m[Appium][39m   port: 63025
[35m[Appium][39m   loglevel: info
[35m[Appium][39m   tmpDir: /var/folders/c9/xmzq5jjs51n878vrs7gvhsch0000gn/T//Katalon/Appium/Temp1657719262402
[35m[Appium][39m   chromedriverPort: 63026
[35m[Appium][39m Deprecated server args:
[35m[Appium][39m   [31m--chromedriver-port[39m => --default-capabilities
[35m[Appium][39m Default capabilities, which will be added to each request unless overridden by desired capabilities:
[35m[Appium][39m   chromedriverPort: 63026
[35m[Appium][39m Appium REST http interface listener started on 0.0.0.0:63025
[35m[HTTP][39m [37m-->[39m [37mGET[39m [37m/wd/hub/status[39m
[35m[HTTP][39m [90m{}[39m
[35m[HTTP][39m [37m<-- GET /wd/hub/status [39m[32m200[39m [90m6 ms - 68[39m
[35m[HTTP][39m [90m[39m
[35m[HTTP][39m [37m-->[39m [37mPOST[39m [37m/wd/hub/session[39m
[35m[HTTP][39m [90m{"desiredCapabilities":{"app":"/Users/queenels/Katalon Studio/EduApp/App/app-pendaki.apk","noReset":false,"deviceName":"emulator-5554 (sdk_gphone64_x86_64 - Android 12)","fullReset":true,"platform":"ANDROID","newCommandTimeout":1800,"platformVersion":"12","automationName":"uiautomator2","autoGrantPermissions":true,"platformName":"Android","udid":"emulator-5554","systemPort":63024},"capabilities":{"firstMatch":[{"appium:app":"/Users/queenels/Katalon Studio/EduApp/App/app-pendaki.apk","appium:autoGrantPermissions":true,"appium:automationName":"uiautomator2","appium:deviceName":"emulator-5554 (sdk_gphone64_x86_64 - Android 12)","appium:fullReset":true,"appium:newCommandTimeout":1800,"appium:noReset":false,"platform":"ANDROID","platformName":"android","appium:platformVersion":"12","appium:systemPort":63024,"appium:udid":"emulator-5554"}]}}[39m
[35m[BaseDriver][39m The following capabilities are not standard capabilities and should have an extension prefix:
[35m[BaseDriver][39m   platform
[35m[BaseDriver][39m   chromedriverPort
[35m[Appium][39m Appium v1.22.3 creating new AndroidUiautomator2Driver (v1.70.1) session
[35m[BaseDriver][39m The following capabilities were provided, but are not recognized by Appium:
[35m[BaseDriver][39m   platform
[35m[BaseDriver][39m Session created with session id: 50aaa951-7b52-4723-9922-22cb83a1a6d1
[35m[BaseDriver][39m Using local app '/Users/queenels/Katalon Studio/EduApp/App/app-pendaki.apk'
[35m[ADB][39m Found 1 'build-tools' folders under '/Users/queenels/.katalon/tools/android_sdk' (newest first):
[35m[ADB][39m     /Users/queenels/.katalon/tools/android_sdk/build-tools/29.0.3
[35m[ADB][39m Using 'adb' from '/Users/queenels/.katalon/tools/android_sdk/platform-tools/adb'
[35m[AndroidDriver][39m Retrieving device list
[35m[AndroidDriver][39m Using device: emulator-5554
[35m[ADB][39m Using 'adb' from '/Users/queenels/.katalon/tools/android_sdk/platform-tools/adb'
[35m[ADB][39m Getting device platform version
[35m[UiAutomator2][39m Relaxing hidden api policy
[35m[ADB][39m Package name: 'com.wahidari.pendaki'
[35m[ADB][39m Main activity name: 'com.wahidari.pendaki.MainActivity'
[35m[ADB][39m Using 'apksigner.jar' from '/Users/queenels/.katalon/tools/android_sdk/build-tools/29.0.3/lib/apksigner.jar'
[35m[ADB][39m '/Users/queenels/.npm-global/lib/node_modules/appium/node_modules/appium-uiautomator2-server/apks/appium-uiautomator2-server-v4.27.0.apk' is signed with the default certificate
[35m[ADB][39m '/Users/queenels/.npm-global/lib/node_modules/appium/node_modules/appium-uiautomator2-server/apks/appium-uiautomator2-server-debug-androidTest.apk' is signed with the default certificate
[35m[UiAutomator2][39m Server packages are not going to be (re)installed
[35m[ADB][39m Adding packages ["io.appium.settings","io.appium.uiautomator2.server","io.appium.uiautomator2.server.test"] to Doze whitelist
[35m[ADB][39m '/Users/queenels/Katalon Studio/EduApp/App/app-pendaki.apk' is signed with a non-default certificate
[35m[ADB][39m com.wahidari.pendaki was not uninstalled, because it was not present on the device
[35m[ADB][39m The application at '/Users/queenels/Katalon Studio/EduApp/App/app-pendaki.apk' will not be cached, because the device under test has confirmed the support of streamed installs
[35m[ADB][39m The installation of 'app-pendaki.apk' took 508ms
[35m[UiAutomator2][39m Starting UIAutomator2 server 4.27.0
[35m[UiAutomator2][39m Using UIAutomator2 server from '/Users/queenels/.npm-global/lib/node_modules/appium/node_modules/appium-uiautomator2-server/apks/appium-uiautomator2-server-v4.27.0.apk' and test from '/Users/queenels/.npm-global/lib/node_modules/appium/node_modules/appium-uiautomator2-server/apks/appium-uiautomator2-server-debug-androidTest.apk'
[35m[UiAutomator2][39m Waiting up to 30000ms for UiAutomator2 to be online...
[35m[WD Proxy][39m socket hang up
[35m[WD Proxy][39m socket hang up
[35m[WD Proxy][39m socket hang up
[35m[WD Proxy][39m socket hang up
[35m[WD Proxy][39m socket hang up
[35m[WD Proxy][39m Determined the downstream protocol as 'W3C'
[35m[AndroidDriver][39m Screen already unlocked, doing nothing
[35m[UiAutomator2][39m Starting 'com.wahidari.pendaki/com.wahidari.pendaki.MainActivity and waiting for 'com.wahidari.pendaki/com.wahidari.pendaki.MainActivity'
[35m[Appium][39m New AndroidUiautomator2Driver session created successfully, session 50aaa951-7b52-4723-9922-22cb83a1a6d1 added to master session list
[35m[HTTP][39m [37m<-- POST /wd/hub/session [39m[32m200[39m [90m17521 ms - 1308[39m
[35m[HTTP][39m [90m[39m
[35m[HTTP][39m [37m-->[39m [37mGET[39m [37m/wd/hub/session/50aaa951-7b52-4723-9922-22cb83a1a6d1[39m
[35m[HTTP][39m [90m{}[39m
[35m[HTTP][39m [37m<-- GET /wd/hub/session/50aaa951-7b52-4723-9922-22cb83a1a6d1 [39m[32m200[39m [90m54 ms - 1262[39m
[35m[HTTP][39m [90m[39m
[35m[HTTP][39m [37m-->[39m [37mGET[39m [37m/wd/hub/session/50aaa951-7b52-4723-9922-22cb83a1a6d1[39m
[35m[HTTP][39m [90m{}[39m
[35m[HTTP][39m [37m<-- GET /wd/hub/session/50aaa951-7b52-4723-9922-22cb83a1a6d1 [39m[32m200[39m [90m18 ms - 1262[39m
[35m[HTTP][39m [90m[39m
[35m[HTTP][39m [37m-->[39m [37mGET[39m [37m/wd/hub/status[39m
[35m[HTTP][39m [90m{}[39m
[35m[HTTP][39m [37m<-- GET /wd/hub/status [39m[32m200[39m [90m1 ms - 68[39m
[35m[HTTP][39m [90m[39m
[35m[HTTP][39m [37m-->[39m [37mPOST[39m [37m/wd/hub/session/50aaa951-7b52-4723-9922-22cb83a1a6d1/timeouts[39m
[35m[HTTP][39m [90m{"implicit":30000}[39m
[35m[HTTP][39m [37m<-- POST /wd/hub/session/50aaa951-7b52-4723-9922-22cb83a1a6d1/timeouts [39m[32m200[39m [90m14 ms - 14[39m
[35m[HTTP][39m [90m[39m
[35m[HTTP][39m [37m-->[39m [37mGET[39m [37m/wd/hub/session/50aaa951-7b52-4723-9922-22cb83a1a6d1/screenshot[39m
[35m[HTTP][39m [90m{}[39m
[35m[HTTP][39m [37m<-- GET /wd/hub/session/50aaa951-7b52-4723-9922-22cb83a1a6d1/screenshot [39m[32m200[39m [90m2737 ms - 4001446[39m
[35m[HTTP][39m [90m[39m
[35m[HTTP][39m [37m-->[39m [37mGET[39m [37m/wd/hub/session/50aaa951-7b52-4723-9922-22cb83a1a6d1/window/rect[39m
[35m[HTTP][39m [90m{}[39m
[35m[HTTP][39m [37m<-- GET /wd/hub/session/50aaa951-7b52-4723-9922-22cb83a1a6d1/window/rect [39m[32m200[39m [90m28 ms - 50[39m
[35m[HTTP][39m [90m[39m
[35m[HTTP][39m [37m-->[39m [37mGET[39m [37m/wd/hub/session/50aaa951-7b52-4723-9922-22cb83a1a6d1/appium/device/system_bars[39m
[35m[HTTP][39m [90m{}[39m
[35m[HTTP][39m [37m<-- GET /wd/hub/session/50aaa951-7b52-4723-9922-22cb83a1a6d1/appium/device/system_bars [39m[32m200[39m [90m102 ms - 145[39m
[35m[HTTP][39m [90m[39m
[35m[HTTP][39m [37m-->[39m [37mPOST[39m [37m/wd/hub/session/50aaa951-7b52-4723-9922-22cb83a1a6d1/timeouts[39m
[35m[HTTP][39m [90m{"implicit":50}[39m
[35m[HTTP][39m [37m<-- POST /wd/hub/session/50aaa951-7b52-4723-9922-22cb83a1a6d1/timeouts [39m[32m200[39m [90m3 ms - 14[39m
[35m[HTTP][39m [90m[39m
[35m[HTTP][39m [37m-->[39m [37mGET[39m [37m/wd/hub/session/50aaa951-7b52-4723-9922-22cb83a1a6d1/window/rect[39m
[35m[HTTP][39m [90m{}[39m
[35m[HTTP][39m [37m<-- GET /wd/hub/session/50aaa951-7b52-4723-9922-22cb83a1a6d1/window/rect [39m[32m200[39m [90m18 ms - 50[39m
[35m[HTTP][39m [90m[39m
[35m[HTTP][39m [37m-->[39m [37mPOST[39m [37m/wd/hub/session/50aaa951-7b52-4723-9922-22cb83a1a6d1/elements[39m
[35m[HTTP][39m [90m{"using":"xpath","value":"//hierarchy/android.widget.FrameLayout[1]/android.widget.LinearLayout[1]/android.widget.FrameLayout[1]/android.widget.LinearLayout[1]/android.widget.FrameLayout[1]/android.support.v4.widget.DrawerLayout[1]/android.view.ViewGroup[1]/android.support.v4.view.ViewPager[1]/android.support.v7.widget.RecyclerView[1]/android.widget.LinearLayout[1]/android.widget.FrameLayout[1]/android.widget.RelativeLayout[1]/android.widget.ImageView[1]"}[39m
[35m[HTTP][39m [37m<-- POST /wd/hub/session/50aaa951-7b52-4723-9922-22cb83a1a6d1/elements [39m[32m200[39m [90m995 ms - 139[39m
[35m[HTTP][39m [90m[39m
[35m[HTTP][39m [37m-->[39m [37mGET[39m [37m/wd/hub/session/50aaa951-7b52-4723-9922-22cb83a1a6d1/element/00000000-0000-0034-ffff-ffff00000023/location[39m
[35m[HTTP][39m [90m{}[39m
[35m[W3C (50aaa951)][39m Driver proxy active, passing request on via HTTP proxy
[35m[WD Proxy][39m Replacing sessionId d1dd6967-1e4e-46ed-860a-a7760a58f397 with 50aaa951-7b52-4723-9922-22cb83a1a6d1
[35m[HTTP][39m [37m<-- GET /wd/hub/session/50aaa951-7b52-4723-9922-22cb83a1a6d1/element/00000000-0000-0034-ffff-ffff00000023/location [39m[32m200[39m [90m26 ms - 77[39m
[35m[HTTP][39m [90m[39m
[35m[HTTP][39m [37m-->[39m [37mPOST[39m [37m/wd/hub/session/50aaa951-7b52-4723-9922-22cb83a1a6d1/timeouts[39m
[35m[HTTP][39m [90m{"implicit":30000}[39m
[35m[HTTP][39m [37m<-- POST /wd/hub/session/50aaa951-7b52-4723-9922-22cb83a1a6d1/timeouts [39m[32m200[39m [90m3 ms - 14[39m
[35m[HTTP][39m [90m[39m
[35m[HTTP][39m [37m-->[39m [37mPOST[39m [37m/wd/hub/session/50aaa951-7b52-4723-9922-22cb83a1a6d1/element/00000000-0000-0034-ffff-ffff00000023/click[39m
[35m[HTTP][39m [90m{"id":"00000000-0000-0034-ffff-ffff00000023"}[39m
[35m[HTTP][39m [37m<-- POST /wd/hub/session/50aaa951-7b52-4723-9922-22cb83a1a6d1/element/00000000-0000-0034-ffff-ffff00000023/click [39m[32m200[39m [90m79 ms - 14[39m
[35m[HTTP][39m [90m[39m
[35m[HTTP][39m [37m-->[39m [37mGET[39m [37m/wd/hub/session/50aaa951-7b52-4723-9922-22cb83a1a6d1/context[39m
[35m[HTTP][39m [90m{}[39m
[35m[HTTP][39m [37m<-- GET /wd/hub/session/50aaa951-7b52-4723-9922-22cb83a1a6d1/context [39m[32m200[39m [90m12 ms - 22[39m
[35m[HTTP][39m [90m[39m
[35m[HTTP][39m [37m-->[39m [37mGET[39m [37m/wd/hub/session/50aaa951-7b52-4723-9922-22cb83a1a6d1/contexts[39m
[35m[HTTP][39m [90m{}[39m
[35m[HTTP][39m [37m<-- GET /wd/hub/session/50aaa951-7b52-4723-9922-22cb83a1a6d1/contexts [39m[32m200[39m [90m139 ms - 24[39m
[35m[HTTP][39m [90m[39m
[35m[HTTP][39m [37m-->[39m [37mPOST[39m [37m/wd/hub/session/50aaa951-7b52-4723-9922-22cb83a1a6d1/context[39m
[35m[HTTP][39m [90m{"name":"NATIVE_APP"}[39m
[35m[HTTP][39m [37m<-- POST /wd/hub/session/50aaa951-7b52-4723-9922-22cb83a1a6d1/context [39m[32m200[39m [90m4 ms - 14[39m
[35m[HTTP][39m [90m[39m
[35m[HTTP][39m [37m-->[39m [37mPOST[39m [37m/wd/hub/session/50aaa951-7b52-4723-9922-22cb83a1a6d1/element[39m
[35m[HTTP][39m [90m{"using":"-android uiautomator","value":"new UiScrollable(new UiSelector().scrollable(true).instance(0)).scrollIntoView(new UiSelector().textContains(\"Argopoera\"))"}[39m
[35m[WD Proxy][39m Got response with status 404: {"sessionId":"d1dd6967-1e4e-46ed-860a-a7760a58f397","value":{"error":"no such element","message":"androidx.test.uiautomator.UiObjectNotFoundException: UiSelector[INSTANCE=0, SCROLLABLE=true]","stacktrace":"io.appium.uiautomator2.common.exceptions.ElementNotFoundException: androidx.test.uiautomator.UiObjectNotFoundException: UiSelector[INSTANCE=0, SCROLLABLE=true]\n\tat io.appium.uiautomator2.utils.UiExpressionParser.invokeMethod(UiExpressionParser.java:250)\n\tat io.appium.uiautomator2.utils.UiScrollableParser.consumeMethodCall(UiScrollableParser.java:143)\n\tat io.appium.uiautomator2.utils.UiScrollableParser.parse(UiScrollableParser.java:66)\n\tat io.appium.uiautomator2.utils.UiAutomatorParser.consumeStatement(UiAutomatorParser.java:91)\n\tat io.appium.uiautomator2.utils.UiAutomatorParser.parse(UiAutomatorParser.java:47)\n\tat io.appium.uiautomator2.utils.ElementLocationHelpers.toSelectors(ElementLocationHelpers.java:127)\n\tat io.appium.uiautomator2.utils.ElementLocationHelpers.toSelector(ElementLocation...
[35m[HTTP][39m [37m<-- POST /wd/hub/session/50aaa951-7b52-4723-9922-22cb83a1a6d1/element [39m[32m200[39m [90m13233 ms - 137[39m
[35m[HTTP][39m [90m[39m
[35m[HTTP][39m [37m-->[39m [37mPOST[39m [37m/wd/hub/session/50aaa951-7b52-4723-9922-22cb83a1a6d1/context[39m
[35m[HTTP][39m [90m{"name":"NATIVE_APP"}[39m
[35m[HTTP][39m [37m<-- POST /wd/hub/session/50aaa951-7b52-4723-9922-22cb83a1a6d1/context [39m[32m200[39m [90m2 ms - 14[39m
[35m[HTTP][39m [90m[39m
[35m[HTTP][39m [37m-->[39m [37mPOST[39m [37m/wd/hub/session/50aaa951-7b52-4723-9922-22cb83a1a6d1/timeouts[39m
[35m[HTTP][39m [90m{"implicit":50}[39m
[35m[HTTP][39m [37m<-- POST /wd/hub/session/50aaa951-7b52-4723-9922-22cb83a1a6d1/timeouts [39m[32m200[39m [90m3 ms - 14[39m
[35m[HTTP][39m [90m[39m
[35m[HTTP][39m [37m-->[39m [37mGET[39m [37m/wd/hub/session/50aaa951-7b52-4723-9922-22cb83a1a6d1/window/rect[39m
[35m[HTTP][39m [90m{}[39m
[35m[HTTP][39m [37m<-- GET /wd/hub/session/50aaa951-7b52-4723-9922-22cb83a1a6d1/window/rect [39m[32m200[39m [90m30 ms - 50[39m
[35m[HTTP][39m [90m[39m
[35m[HTTP][39m [37m-->[39m [37mPOST[39m [37m/wd/hub/session/50aaa951-7b52-4723-9922-22cb83a1a6d1/elements[39m
[35m[HTTP][39m [90m{"using":"xpath","value":"//*[@class = 'android.widget.ImageButton' and (@text = '' or . = '')]"}[39m
[35m[HTTP][39m [37m<-- POST /wd/hub/session/50aaa951-7b52-4723-9922-22cb83a1a6d1/elements [39m[32m200[39m [90m183 ms - 139[39m
[35m[HTTP][39m [90m[39m
[35m[HTTP][39m [37m-->[39m [37mGET[39m [37m/wd/hub/session/50aaa951-7b52-4723-9922-22cb83a1a6d1/element/00000000-0000-0035-ffff-ffff000000a7/location[39m
[35m[HTTP][39m [90m{}[39m
[35m[W3C (50aaa951)][39m Driver proxy active, passing request on via HTTP proxy
[35m[WD Proxy][39m Replacing sessionId d1dd6967-1e4e-46ed-860a-a7760a58f397 with 50aaa951-7b52-4723-9922-22cb83a1a6d1
[35m[HTTP][39m [37m<-- GET /wd/hub/session/50aaa951-7b52-4723-9922-22cb83a1a6d1/element/00000000-0000-0035-ffff-ffff000000a7/location [39m[32m200[39m [90m25 ms - 76[39m
[35m[HTTP][39m [90m[39m
[35m[HTTP][39m [37m-->[39m [37mPOST[39m [37m/wd/hub/session/50aaa951-7b52-4723-9922-22cb83a1a6d1/timeouts[39m
[35m[HTTP][39m [90m{"implicit":30000}[39m
[35m[HTTP][39m [37m<-- POST /wd/hub/session/50aaa951-7b52-4723-9922-22cb83a1a6d1/timeouts [39m[32m200[39m [90m2 ms - 14[39m
[35m[HTTP][39m [90m[39m
[35m[HTTP][39m [37m-->[39m [37mPOST[39m [37m/wd/hub/session/50aaa951-7b52-4723-9922-22cb83a1a6d1/element/00000000-0000-0035-ffff-ffff000000a7/click[39m
[35m[HTTP][39m [90m{"id":"00000000-0000-0035-ffff-ffff000000a7"}[39m
[35m[HTTP][39m [37m<-- POST /wd/hub/session/50aaa951-7b52-4723-9922-22cb83a1a6d1/element/00000000-0000-0035-ffff-ffff000000a7/click [39m[32m200[39m [90m80 ms - 14[39m
[35m[HTTP][39m [90m[39m
[35m[HTTP][39m [37m-->[39m [37mDELETE[39m [37m/wd/hub/session/50aaa951-7b52-4723-9922-22cb83a1a6d1[39m
[35m[HTTP][39m [90m{}[39m
[35m[Appium][39m Removing session 50aaa951-7b52-4723-9922-22cb83a1a6d1 from our master session list
[35m[ADB][39m com.wahidari.pendaki was successfully uninstalled
[35m[UiAutomator2][39m Restoring hidden api policy to the device default configuration
[35m[HTTP][39m [37m<-- DELETE /wd/hub/session/50aaa951-7b52-4723-9922-22cb83a1a6d1 [39m[32m200[39m [90m2169 ms - 14[39m
[35m[HTTP][39m [90m[39m
